<?xml version="1.0" encoding="UTF-8"?>
<testsuite name="SellDataFactoryTest" tests="5" skipped="0" failures="0" errors="0" timestamp="2019-11-29T20:27:21" hostname="robot-unicorn" time="0.003">
  <properties/>
  <testcase name="souldNotBeAClientWhenDoesNotStartWith002" classname="SellDataFactoryTest" time="0.002"/>
  <testcase name="shouldHaveTwoClients" classname="SellDataFactoryTest" time="0.0"/>
  <testcase name="shouldNotBeAClient" classname="SellDataFactoryTest" time="0.0"/>
  <testcase name="shouldNotHaveAClient" classname="SellDataFactoryTest" time="0.0"/>
  <testcase name="shouldBeAClient" classname="SellDataFactoryTest" time="0.0"/>
  <system-out><![CDATA[]]></system-out>
  <system-err><![CDATA[]]></system-err>
</testsuite>
